<?xml version="1.0" encoding="UTF-8"?>
<!-- Generated by org.testng.reporters.JUnitReportReporter -->
<testsuite hostname="TABLET-035DO2R9" failures="0" tests="1" name="com.OAUTHPractice.GetAccessTokenDesrialization" time="6.099" errors="0" timestamp="2024-04-09T22:21:31 GMT-06:00" skipped="0">
  <testcase classname="com.OAUTHPractice.GetAccessTokenDesrialization" name="getAccesToken" time="6.099"/>
  <system-out/>
</testsuite> <!-- com.OAUTHPractice.GetAccessTokenDesrialization -->
