<?xml version="1.0" encoding="UTF-8"?>
<!-- Generated by org.testng.reporters.JUnitReportReporter -->
<testsuite hostname="TABLET-035DO2R9" failures="0" tests="1" name="com.oauth.GetAccessToken" time="6.356" errors="0" timestamp="2024-04-10T13:03:30 GMT-06:00" skipped="0">
  <testcase classname="com.oauth.GetAccessToken" name="getAcessToken" time="6.356"/>
  <system-out/>
</testsuite> <!-- com.oauth.GetAccessToken -->
