<?xml version="1.0" encoding="UTF-8"?>
<!-- Generated by org.testng.reporters.JUnitReportReporter -->
<testsuite hostname="TABLET-035DO2R9" failures="0" tests="1" name="com.oauth.ArraystoArrayList" time="6.137" errors="0" timestamp="2024-03-13T12:42:22 GMT-06:00" skipped="0">
  <testcase classname="com.oauth.ArraystoArrayList" name="getAccesToke" time="6.137"/>
  <system-out/>
</testsuite> <!-- com.oauth.ArraystoArrayList -->
