<?xml version="1.0" encoding="UTF-8"?>
<!-- Generated by org.testng.reporters.JUnitReportReporter -->
<testsuite hostname="TABLET-035DO2R9" failures="0" tests="1" name="com.pojo.SerializationDemo" time="4.270" errors="0" timestamp="2024-03-05T17:24:11 GMT-06:00" skipped="0">
  <testcase classname="com.pojo.SerializationDemo" name="serialTest" time="4.270"/>
  <system-out/>
</testsuite> <!-- com.pojo.SerializationDemo -->
