<?xml version="1.0" encoding="UTF-8"?>
<!-- Generated by org.testng.reporters.JUnitReportReporter -->
<testsuite hostname="TABLET-035DO2R9" failures="0" tests="1" name="com.endToendEcommerce.DeletedOrder" time="15.462" errors="0" timestamp="2024-04-19T10:17:57 GMT-06:00" skipped="0">
  <testcase classname="com.endToendEcommerce.DeletedOrder" name="deletOrder" time="15.462"/>
  <system-out/>
</testsuite> <!-- com.endToendEcommerce.DeletedOrder -->
