<?xml version="1.0" encoding="UTF-8"?>
<!-- Generated by org.testng.reporters.JUnitReportReporter -->
<testsuite hostname="TABLET-035DO2R9" failures="0" tests="1" name="com.OAUTHPractice.GetAccessToken" time="4.184" errors="0" timestamp="2024-04-09T17:26:58 GMT-06:00" skipped="0">
  <testcase classname="com.OAUTHPractice.GetAccessToken" name="getAccesToken" time="4.184"/>
  <system-out/>
</testsuite> <!-- com.OAUTHPractice.GetAccessToken -->
